SF:lib\src\open_weather_map_api_client.dart
DA:17,2
DA:23,1
DA:25,2
DA:26,1
DA:27,1
DA:31,3
DA:33,2
DA:34,1
DA:37,2
DA:39,1
DA:40,1
DA:43,3
DA:45,1
DA:46,1
DA:49,2
LF:15
LH:15
end_of_record
SF:lib\src\models\daily_weather.g.dart
DA:11,2
DA:12,2
DA:15,2
DA:16,2
DA:17,2
DA:18,2
DA:19,2
DA:20,2
DA:21,2
DA:23,4
DA:25,4
DA:28,2
DA:29,2
DA:30,2
DA:31,2
DA:32,4
DA:34,4
DA:35,2
DA:36,4
DA:39,2
DA:40,4
DA:41,2
DA:42,2
DA:43,2
DA:44,2
DA:45,4
LF:26
LH:26
end_of_record
SF:lib\src\models\daily_weather.dart
DA:37,2
DA:38,2
DA:40,2
LF:3
LH:3
end_of_record
SF:lib\src\models\temp.dart
DA:11,2
DA:22,4
DA:24,2
DA:26,2
DA:27,2
DA:28,2
DA:29,2
DA:30,2
DA:31,2
DA:32,2
DA:36,0
DA:38,0
DA:39,0
DA:40,0
DA:41,0
DA:42,0
DA:43,0
DA:44,0
LF:18
LH:10
end_of_record
SF:lib\src\models\feels_like.dart
DA:9,2
DA:18,4
DA:20,2
DA:22,2
DA:23,2
DA:24,2
DA:25,2
DA:26,2
DA:30,0
DA:32,0
DA:33,0
DA:34,0
DA:35,0
DA:36,0
LF:14
LH:8
end_of_record
SF:lib\src\models\weather.dart
DA:9,2
DA:13,8
DA:15,2
DA:17,2
DA:18,2
DA:19,2
DA:20,2
DA:21,2
DA:25,0
DA:27,0
DA:28,0
DA:29,0
DA:30,0
DA:31,0
LF:14
LH:8
end_of_record
SF:lib\src\models\hourly_weather.dart
DA:24,1
DA:25,1
DA:27,1
LF:3
LH:3
end_of_record
SF:lib\src\models\hourly_weather.g.dart
DA:11,1
DA:12,1
DA:15,1
DA:16,1
DA:17,1
DA:18,2
DA:20,2
DA:21,1
DA:22,1
DA:23,2
DA:24,2
DA:25,1
DA:26,1
DA:28,2
DA:29,1
DA:30,2
DA:33,1
DA:34,2
DA:35,1
DA:36,1
DA:37,1
LF:21
LH:21
end_of_record
SF:lib\src\models\location.dart
DA:6,0
DA:13,0
DA:14,0
LF:3
LH:0
end_of_record
SF:lib\src\models\location.g.dart
DA:11,0
DA:14,0
DA:15,0
DA:16,0
DA:17,0
DA:18,0
DA:19,0
LF:7
LH:0
end_of_record
